running egg_info
writing ../../build/robot_control/robot_control.egg-info/PKG-INFO
writing dependency_links to ../../build/robot_control/robot_control.egg-info/dependency_links.txt
writing entry points to ../../build/robot_control/robot_control.egg-info/entry_points.txt
writing requirements to ../../build/robot_control/robot_control.egg-info/requires.txt
writing top-level names to ../../build/robot_control/robot_control.egg-info/top_level.txt
reading manifest file '../../build/robot_control/robot_control.egg-info/SOURCES.txt'
writing manifest file '../../build/robot_control/robot_control.egg-info/SOURCES.txt'
running build
running build_py
running install
running install_lib
running install_data
copying launch/launch_me.py -> /home/yoyo/ros2/app-002/install/robot_control/share/robot_control/launch
running install_egg_info
removing '/home/yoyo/ros2/app-002/install/robot_control/lib/python3.10/site-packages/robot_control-0.0.0-py3.10.egg-info' (and everything under it)
Copying ../../build/robot_control/robot_control.egg-info to /home/yoyo/ros2/app-002/install/robot_control/lib/python3.10/site-packages/robot_control-0.0.0-py3.10.egg-info
running install_scripts
Installing auto_move_node script to /home/yoyo/ros2/app-002/install/robot_control/lib/robot_control
Installing joy_to_twist_node script to /home/yoyo/ros2/app-002/install/robot_control/lib/robot_control
writing list of installed files to '/home/yoyo/ros2/app-002/build/robot_control/install.log'
