[0.361s] Invoking command in '/home/yoyo/ros2/app-002/build/robot_control': PYTHONPATH=/home/yoyo/ros2/app-002/build/robot_control/prefix_override:/usr/lib/python3/dist-packages/colcon_core/task/python/colcon_distutils_commands:/home/yoyo/ros2/app-002/install/robot_control/lib/python3.10/site-packages:${PYTHONPATH} /usr/bin/python3 -W ignore:setup.py install is deprecated -W ignore:easy_install command is deprecated setup.py develop --uninstall --editable --build-directory /home/yoyo/ros2/app-002/build/robot_control/build
[0.521s] running develop
[0.619s] Removing /home/yoyo/ros2/app-002/install/robot_control/lib/python3.10/site-packages/robot-control.egg-link (link to .)
[0.636s] Invoked command in '/home/yoyo/ros2/app-002/build/robot_control' returned '0': PYTHONPATH=/home/yoyo/ros2/app-002/build/robot_control/prefix_override:/usr/lib/python3/dist-packages/colcon_core/task/python/colcon_distutils_commands:/home/yoyo/ros2/app-002/install/robot_control/lib/python3.10/site-packages:${PYTHONPATH} /usr/bin/python3 -W ignore:setup.py install is deprecated -W ignore:easy_install command is deprecated setup.py develop --uninstall --editable --build-directory /home/yoyo/ros2/app-002/build/robot_control/build
[0.637s] Invoking command in '/home/yoyo/ros2/app-002/src/robot_control': PYTHONPATH=/home/yoyo/ros2/app-002/build/robot_control/prefix_override:/usr/lib/python3/dist-packages/colcon_core/task/python/colcon_distutils_commands:/home/yoyo/ros2/app-002/install/robot_control/lib/python3.10/site-packages:${PYTHONPATH} /usr/bin/python3 -W ignore:setup.py install is deprecated -W ignore:easy_install command is deprecated setup.py egg_info --egg-base ../../build/robot_control build --build-base /home/yoyo/ros2/app-002/build/robot_control/build install --record /home/yoyo/ros2/app-002/build/robot_control/install.log --single-version-externally-managed install_data --force
[0.781s] running egg_info
[0.781s] writing ../../build/robot_control/robot_control.egg-info/PKG-INFO
[0.781s] writing dependency_links to ../../build/robot_control/robot_control.egg-info/dependency_links.txt
[0.781s] writing entry points to ../../build/robot_control/robot_control.egg-info/entry_points.txt
[0.781s] writing requirements to ../../build/robot_control/robot_control.egg-info/requires.txt
[0.781s] writing top-level names to ../../build/robot_control/robot_control.egg-info/top_level.txt
[0.782s] reading manifest file '../../build/robot_control/robot_control.egg-info/SOURCES.txt'
[0.782s] writing manifest file '../../build/robot_control/robot_control.egg-info/SOURCES.txt'
[0.783s] running build
[0.783s] running build_py
[0.783s] creating /home/yoyo/ros2/app-002/build/robot_control/build
[0.783s] creating /home/yoyo/ros2/app-002/build/robot_control/build/lib
[0.783s] creating /home/yoyo/ros2/app-002/build/robot_control/build/lib/robot_control
[0.783s] copying robot_control/JoyToMove.py -> /home/yoyo/ros2/app-002/build/robot_control/build/lib/robot_control
[0.783s] copying robot_control/__init__.py -> /home/yoyo/ros2/app-002/build/robot_control/build/lib/robot_control
[0.783s] copying robot_control/AutoMove.py -> /home/yoyo/ros2/app-002/build/robot_control/build/lib/robot_control
[0.783s] running install
[0.783s] running install_lib
[0.783s] creating /home/yoyo/ros2/app-002/install/robot_control/lib/python3.10/site-packages/robot_control
[0.784s] copying /home/yoyo/ros2/app-002/build/robot_control/build/lib/robot_control/JoyToMove.py -> /home/yoyo/ros2/app-002/install/robot_control/lib/python3.10/site-packages/robot_control
[0.784s] copying /home/yoyo/ros2/app-002/build/robot_control/build/lib/robot_control/__init__.py -> /home/yoyo/ros2/app-002/install/robot_control/lib/python3.10/site-packages/robot_control
[0.784s] copying /home/yoyo/ros2/app-002/build/robot_control/build/lib/robot_control/AutoMove.py -> /home/yoyo/ros2/app-002/install/robot_control/lib/python3.10/site-packages/robot_control
[0.784s] byte-compiling /home/yoyo/ros2/app-002/install/robot_control/lib/python3.10/site-packages/robot_control/JoyToMove.py to JoyToMove.cpython-310.pyc
[0.784s] byte-compiling /home/yoyo/ros2/app-002/install/robot_control/lib/python3.10/site-packages/robot_control/__init__.py to __init__.cpython-310.pyc
[0.784s] byte-compiling /home/yoyo/ros2/app-002/install/robot_control/lib/python3.10/site-packages/robot_control/AutoMove.py to AutoMove.cpython-310.pyc
[0.785s] running install_data
[0.785s] copying resource/robot_control -> /home/yoyo/ros2/app-002/install/robot_control/share/ament_index/resource_index/packages
[0.785s] copying package.xml -> /home/yoyo/ros2/app-002/install/robot_control/share/robot_control
[0.785s] copying launch/launch_me.py -> /home/yoyo/ros2/app-002/install/robot_control/share/robot_control/launch
[0.785s] running install_egg_info
[0.786s] Copying ../../build/robot_control/robot_control.egg-info to /home/yoyo/ros2/app-002/install/robot_control/lib/python3.10/site-packages/robot_control-0.0.0-py3.10.egg-info
[0.786s] running install_scripts
[0.799s] Installing auto_move_node script to /home/yoyo/ros2/app-002/install/robot_control/lib/robot_control
[0.799s] Installing joy_to_twist_node script to /home/yoyo/ros2/app-002/install/robot_control/lib/robot_control
[0.799s] writing list of installed files to '/home/yoyo/ros2/app-002/build/robot_control/install.log'
[0.812s] Invoked command in '/home/yoyo/ros2/app-002/src/robot_control' returned '0': PYTHONPATH=/home/yoyo/ros2/app-002/build/robot_control/prefix_override:/usr/lib/python3/dist-packages/colcon_core/task/python/colcon_distutils_commands:/home/yoyo/ros2/app-002/install/robot_control/lib/python3.10/site-packages:${PYTHONPATH} /usr/bin/python3 -W ignore:setup.py install is deprecated -W ignore:easy_install command is deprecated setup.py egg_info --egg-base ../../build/robot_control build --build-base /home/yoyo/ros2/app-002/build/robot_control/build install --record /home/yoyo/ros2/app-002/build/robot_control/install.log --single-version-externally-managed install_data --force
