[0.608s] Invoking command in '/home/yoyo/ros2/app-002/src/robot_control': PYTHONPATH=/home/yoyo/ros2/app-002/build/robot_control/prefix_override:/usr/lib/python3/dist-packages/colcon_core/task/python/colcon_distutils_commands:/home/yoyo/ros2/app-002/install/robot_control/lib/python3.10/site-packages:${PYTHONPATH} /usr/bin/python3 -W ignore:setup.py install is deprecated -W ignore:easy_install command is deprecated setup.py egg_info --egg-base ../../build/robot_control build --build-base /home/yoyo/ros2/app-002/build/robot_control/build install --record /home/yoyo/ros2/app-002/build/robot_control/install.log --single-version-externally-managed install_data
[0.885s] running egg_info
[0.885s] writing ../../build/robot_control/robot_control.egg-info/PKG-INFO
[0.885s] writing dependency_links to ../../build/robot_control/robot_control.egg-info/dependency_links.txt
[0.885s] writing entry points to ../../build/robot_control/robot_control.egg-info/entry_points.txt
[0.885s] writing requirements to ../../build/robot_control/robot_control.egg-info/requires.txt
[0.885s] writing top-level names to ../../build/robot_control/robot_control.egg-info/top_level.txt
[0.887s] reading manifest file '../../build/robot_control/robot_control.egg-info/SOURCES.txt'
[0.887s] writing manifest file '../../build/robot_control/robot_control.egg-info/SOURCES.txt'
[0.887s] running build
[0.887s] running build_py
[0.888s] copying robot_control/espConnect.py -> /home/yoyo/ros2/app-002/build/robot_control/build/lib/robot_control
[0.888s] running install
[0.888s] running install_lib
[0.888s] copying /home/yoyo/ros2/app-002/build/robot_control/build/lib/robot_control/espConnect.py -> /home/yoyo/ros2/app-002/install/robot_control/lib/python3.10/site-packages/robot_control
[0.889s] byte-compiling /home/yoyo/ros2/app-002/install/robot_control/lib/python3.10/site-packages/robot_control/espConnect.py to espConnect.cpython-310.pyc
[0.889s] running install_data
[0.890s] copying launch/launch_me.py -> /home/yoyo/ros2/app-002/install/robot_control/share/robot_control/launch
[0.890s] running install_egg_info
[0.891s] removing '/home/yoyo/ros2/app-002/install/robot_control/lib/python3.10/site-packages/robot_control-0.0.0-py3.10.egg-info' (and everything under it)
[0.891s] Copying ../../build/robot_control/robot_control.egg-info to /home/yoyo/ros2/app-002/install/robot_control/lib/python3.10/site-packages/robot_control-0.0.0-py3.10.egg-info
[0.892s] running install_scripts
[0.908s] Installing auto_move_node script to /home/yoyo/ros2/app-002/install/robot_control/lib/robot_control
[0.908s] Installing esp_connect_node script to /home/yoyo/ros2/app-002/install/robot_control/lib/robot_control
[0.909s] Installing joy_to_twist_node script to /home/yoyo/ros2/app-002/install/robot_control/lib/robot_control
[0.909s] writing list of installed files to '/home/yoyo/ros2/app-002/build/robot_control/install.log'
[0.925s] Invoked command in '/home/yoyo/ros2/app-002/src/robot_control' returned '0': PYTHONPATH=/home/yoyo/ros2/app-002/build/robot_control/prefix_override:/usr/lib/python3/dist-packages/colcon_core/task/python/colcon_distutils_commands:/home/yoyo/ros2/app-002/install/robot_control/lib/python3.10/site-packages:${PYTHONPATH} /usr/bin/python3 -W ignore:setup.py install is deprecated -W ignore:easy_install command is deprecated setup.py egg_info --egg-base ../../build/robot_control build --build-base /home/yoyo/ros2/app-002/build/robot_control/build install --record /home/yoyo/ros2/app-002/build/robot_control/install.log --single-version-externally-managed install_data
