/home/yoyo/ros2/app-002/install/robot_control/lib/python3.10/site-packages/robot_control/JoyToMove.py
/home/yoyo/ros2/app-002/install/robot_control/lib/python3.10/site-packages/robot_control/espConnect.py
/home/yoyo/ros2/app-002/install/robot_control/lib/python3.10/site-packages/robot_control/__init__.py
/home/yoyo/ros2/app-002/install/robot_control/lib/python3.10/site-packages/robot_control/AutoMove.py
/home/yoyo/ros2/app-002/install/robot_control/lib/python3.10/site-packages/robot_control/__pycache__/JoyToMove.cpython-310.pyc
/home/yoyo/ros2/app-002/install/robot_control/lib/python3.10/site-packages/robot_control/__pycache__/espConnect.cpython-310.pyc
/home/yoyo/ros2/app-002/install/robot_control/lib/python3.10/site-packages/robot_control/__pycache__/__init__.cpython-310.pyc
/home/yoyo/ros2/app-002/install/robot_control/lib/python3.10/site-packages/robot_control/__pycache__/AutoMove.cpython-310.pyc
/home/yoyo/ros2/app-002/install/robot_control/share/ament_index/resource_index/packages/robot_control
/home/yoyo/ros2/app-002/install/robot_control/share/robot_control/package.xml
/home/yoyo/ros2/app-002/install/robot_control/share/robot_control/launch/launch_me.py
/home/yoyo/ros2/app-002/install/robot_control/lib/python3.10/site-packages/robot_control-0.0.0-py3.10.egg-info/zip-safe
/home/yoyo/ros2/app-002/install/robot_control/lib/python3.10/site-packages/robot_control-0.0.0-py3.10.egg-info/top_level.txt
/home/yoyo/ros2/app-002/install/robot_control/lib/python3.10/site-packages/robot_control-0.0.0-py3.10.egg-info/requires.txt
/home/yoyo/ros2/app-002/install/robot_control/lib/python3.10/site-packages/robot_control-0.0.0-py3.10.egg-info/PKG-INFO
/home/yoyo/ros2/app-002/install/robot_control/lib/python3.10/site-packages/robot_control-0.0.0-py3.10.egg-info/SOURCES.txt
/home/yoyo/ros2/app-002/install/robot_control/lib/python3.10/site-packages/robot_control-0.0.0-py3.10.egg-info/entry_points.txt
/home/yoyo/ros2/app-002/install/robot_control/lib/python3.10/site-packages/robot_control-0.0.0-py3.10.egg-info/dependency_links.txt
/home/yoyo/ros2/app-002/install/robot_control/lib/robot_control/auto_move_node
/home/yoyo/ros2/app-002/install/robot_control/lib/robot_control/esp_connect_node
/home/yoyo/ros2/app-002/install/robot_control/lib/robot_control/joy_to_twist_node
