running develop
running egg_info
creating robot_control.egg-info
writing robot_control.egg-info/PKG-INFO
writing dependency_links to robot_control.egg-info/dependency_links.txt
writing entry points to robot_control.egg-info/entry_points.txt
writing requirements to robot_control.egg-info/requires.txt
writing top-level names to robot_control.egg-info/top_level.txt
writing manifest file 'robot_control.egg-info/SOURCES.txt'
reading manifest file 'robot_control.egg-info/SOURCES.txt'
writing manifest file 'robot_control.egg-info/SOURCES.txt'
running build_ext
Creating /home/yoyo/ros2/app-002/install/robot_control/lib/python3.10/site-packages/robot-control.egg-link (link to .)
Installing joy_to_twist_node script to /home/yoyo/ros2/app-002/install/robot_control/lib/turtle_project

Installed /home/yoyo/ros2/app-002/build/robot_control
running symlink_data
creating /home/yoyo/ros2/app-002/install/robot_control/share/ament_index
creating /home/yoyo/ros2/app-002/install/robot_control/share/ament_index/resource_index
creating /home/yoyo/ros2/app-002/install/robot_control/share/ament_index/resource_index/packages
symbolically linking /home/yoyo/ros2/app-002/build/robot_control/resource/robot_control -> /home/yoyo/ros2/app-002/install/robot_control/share/ament_index/resource_index/packages
symbolically linking /home/yoyo/ros2/app-002/build/robot_control/package.xml -> /home/yoyo/ros2/app-002/install/robot_control/share/robot_control
creating /home/yoyo/ros2/app-002/install/robot_control/share/robot_control/launch
symbolically linking /home/yoyo/ros2/app-002/build/robot_control/launch/launch_me.py -> /home/yoyo/ros2/app-002/install/robot_control/share/robot_control/launch
